<?xml version="1.0" encoding="UTF-8"?>
<!-- Generated by org.testng.reporters.JUnitReportReporter -->
<testsuite hostname="LAPTOP-TOSPC5P3" failures="0" tests="1" name="tests.TC_002_LogInTest" time="7.355" errors="0" timestamp="2025-08-15T15:26:32 IST" skipped="0">
  <testcase classname="tests.TC_002_LogInTest" name="testLoginValidCredentials" time="7.355"/>
</testsuite> <!-- tests.TC_002_LogInTest -->
