<?xml version="1.0" encoding="UTF-8"?>
<!-- Generated by org.testng.reporters.JUnitReportReporter -->
<testsuite hostname="LAPTOP-TOSPC5P3" failures="0" tests="2" name="tests.TC_004_OrderTest" time="26.348" errors="0" timestamp="2025-08-25T01:38:29 IST" skipped="0">
  <testcase classname="tests.TC_004_OrderTest" name="validDetailsTest" time="16.748"/>
  <testcase classname="tests.TC_004_OrderTest" name="emptyFormTest" time="9.600"/>
</testsuite> <!-- tests.TC_004_OrderTest -->
