<?xml version="1.0" encoding="UTF-8"?>
<!-- Generated by org.testng.reporters.JUnitReportReporter -->
<testsuite hostname="LAPTOP-TOSPC5P3" failures="0" tests="1" name="tests.TC_003_CartTest" time="31.832" errors="0" timestamp="2025-08-15T13:59:42 IST" skipped="0">
  <testcase classname="tests.TC_003_CartTest" name="testFullCartFlow" time="31.832"/>
</testsuite> <!-- tests.TC_003_CartTest -->
