<?xml version="1.0" encoding="UTF-8"?>
<!-- Generated by org.testng.reporters.JUnitReportReporter -->
<testsuite hostname="LAPTOP-TOSPC5P3" failures="0" tests="3" name="tests.TC_006_UiTest" time="19.389" errors="0" timestamp="2025-08-25T01:38:29 IST" skipped="0">
  <testcase classname="tests.TC_006_UiTest" name="verifyProductTileAlignment" time="3.181"/>
  <testcase classname="tests.TC_006_UiTest" name="verifyActionButtonsVisibility" time="4.451"/>
  <testcase classname="tests.TC_006_UiTest" name="verifyAlertStyling" time="11.757"/>
</testsuite> <!-- tests.TC_006_UiTest -->
