<?xml version="1.0" encoding="UTF-8"?>
<!-- Generated by org.testng.reporters.JUnitReportReporter -->
<testsuite hostname="LAPTOP-TOSPC5P3" failures="0" tests="4" name="tests.TC_002_LogInTest" time="14.540" errors="0" timestamp="2025-08-25T01:38:29 IST" skipped="0">
  <testcase classname="tests.TC_002_LogInTest" name="testLoginValidCredentials" time="4.891"/>
  <testcase classname="tests.TC_002_LogInTest" name="testLoginInvalidPassword" time="3.929"/>
  <testcase classname="tests.TC_002_LogInTest" name="testLoginEmptyFields" time="2.598"/>
  <testcase classname="tests.TC_002_LogInTest" name="testPasswordFieldIsMasked" time="3.122"/>
</testsuite> <!-- tests.TC_002_LogInTest -->
