<?xml version="1.0" encoding="UTF-8"?>
<!-- Generated by org.testng.reporters.JUnitReportReporter -->
<testsuite hostname="LAPTOP-TOSPC5P3" failures="0" tests="3" name="tests.TC_001_SignUpTest" time="13.222" errors="0" timestamp="2025-08-25T01:38:29 IST" skipped="0">
  <testcase classname="tests.TC_001_SignUpTest" name="testSignUpWithNewUser" time="6.437"/>
  <testcase classname="tests.TC_001_SignUpTest" name="testSignUpWithExistingUser" time="4.272"/>
  <testcase classname="tests.TC_001_SignUpTest" name="testSignUpWithEmptyFields" time="2.513"/>
</testsuite> <!-- tests.TC_001_SignUpTest -->
