<?xml version="1.0" encoding="UTF-8"?>
<!-- Generated by org.testng.reporters.JUnitReportReporter -->
<testsuite hostname="LAPTOP-TOSPC5P3" failures="0" tests="1" name="tests.TC_003_CartTest" time="30.551" errors="0" timestamp="2025-08-24T23:20:50 IST" skipped="0">
  <testcase classname="tests.TC_003_CartTest" name="testFullCartFlow" time="30.551"/>
</testsuite> <!-- tests.TC_003_CartTest -->
