<?xml version="1.0" encoding="UTF-8"?>
<!-- Generated by org.testng.reporters.JUnitReportReporter -->
<testsuite hostname="LAPTOP-TOSPC5P3" failures="0" tests="3" name="tests.TC_006_UiTest" time="19.278" errors="0" timestamp="2025-08-24T23:20:50 IST" skipped="0">
  <testcase classname="tests.TC_006_UiTest" name="verifyProductTileAlignment" time="3.405"/>
  <testcase classname="tests.TC_006_UiTest" name="verifyActionButtonsVisibility" time="3.228"/>
  <testcase classname="tests.TC_006_UiTest" name="verifyAlertStyling" time="12.645"/>
</testsuite> <!-- tests.TC_006_UiTest -->
