<?xml version="1.0" encoding="UTF-8"?>
<!-- Generated by org.testng.reporters.JUnitReportReporter -->
<testsuite hostname="LAPTOP-TOSPC5P3" failures="0" tests="3" name="tests.TC_001_SignUpTest" time="12.845" errors="0" timestamp="2025-07-27T01:00:47 IST" skipped="0">
  <testcase classname="tests.TC_001_SignUpTest" name="testSignUpWithNewUser" time="4.485"/>
  <testcase classname="tests.TC_001_SignUpTest" name="testSignUpWithExistingUser" time="4.880"/>
  <testcase classname="tests.TC_001_SignUpTest" name="testSignUpWithEmptyFields" time="3.480"/>
</testsuite> <!-- tests.TC_001_SignUpTest -->
