<?xml version="1.0" encoding="UTF-8"?>
<!-- Generated by org.testng.reporters.JUnitReportReporter -->
<testsuite hostname="LAPTOP-TOSPC5P3" failures="0" tests="4" name="tests.TC_002_LogInTest" time="15.066" errors="0" timestamp="2025-08-24T23:20:50 IST" skipped="0">
  <testcase classname="tests.TC_002_LogInTest" name="testLoginValidCredentials" time="5.221"/>
  <testcase classname="tests.TC_002_LogInTest" name="testLoginInvalidPassword" time="3.673"/>
  <testcase classname="tests.TC_002_LogInTest" name="testLoginEmptyFields" time="2.970"/>
  <testcase classname="tests.TC_002_LogInTest" name="testPasswordFieldIsMasked" time="3.202"/>
</testsuite> <!-- tests.TC_002_LogInTest -->
