<?xml version="1.0" encoding="UTF-8"?>
<!-- Generated by org.testng.reporters.JUnitReportReporter -->
<testsuite hostname="LAPTOP-TOSPC5P3" failures="0" tests="1" name="tests.TC_007_LogOutTest" time="9.354" errors="0" timestamp="2025-08-25T01:38:29 IST" skipped="0">
  <testcase classname="tests.TC_007_LogOutTest" name="testLogOut" time="9.354"/>
</testsuite> <!-- tests.TC_007_LogOutTest -->
