<?xml version="1.0" encoding="UTF-8"?>
<!-- Generated by org.testng.reporters.JUnitReportReporter -->
<testsuite hostname="LAPTOP-TOSPC5P3" failures="0" tests="1" name="tests.TC_006_UiTest" time="13.978" errors="0" timestamp="2025-08-21T00:15:01 IST" skipped="0">
  <testcase classname="tests.TC_006_UiTest" name="verifyAlertStyling" time="13.978"/>
</testsuite> <!-- tests.TC_006_UiTest -->
