<?xml version="1.0" encoding="UTF-8"?>
<!-- Generated by org.testng.reporters.JUnitReportReporter -->
<testsuite hostname="LAPTOP-TOSPC5P3" failures="0" tests="1" name="tests.TC_004_OrderTest" time="13.217" errors="0" timestamp="2025-08-15T17:32:37 IST" skipped="0">
  <testcase classname="tests.TC_004_OrderTest" name="emptyFormTest" time="13.217"/>
</testsuite> <!-- tests.TC_004_OrderTest -->
