<?xml version="1.0" encoding="UTF-8"?>
<!-- Generated by org.testng.reporters.JUnitReportReporter -->
<testsuite hostname="LAPTOP-TOSPC5P3" failures="0" tests="3" name="tests.TC_006_UiTest" time="18.727" errors="0" timestamp="2025-08-25T00:46:52 IST" skipped="0">
  <testcase classname="tests.TC_006_UiTest" name="verifyProductTileAlignment" time="4.440"/>
  <testcase classname="tests.TC_006_UiTest" name="verifyActionButtonsVisibility" time="3.083"/>
  <testcase classname="tests.TC_006_UiTest" name="verifyAlertStyling" time="11.204"/>
</testsuite> <!-- tests.TC_006_UiTest -->
