<?xml version="1.0" encoding="UTF-8"?>
<!-- Generated by org.testng.reporters.JUnitReportReporter -->
<testsuite hostname="LAPTOP-TOSPC5P3" failures="0" tests="4" name="tests.TC_002_LogInTest" time="17.067" errors="0" timestamp="2025-08-25T00:46:52 IST" skipped="0">
  <testcase classname="tests.TC_002_LogInTest" name="testLoginValidCredentials" time="6.791"/>
  <testcase classname="tests.TC_002_LogInTest" name="testLoginInvalidPassword" time="4.194"/>
  <testcase classname="tests.TC_002_LogInTest" name="testLoginEmptyFields" time="3.004"/>
  <testcase classname="tests.TC_002_LogInTest" name="testPasswordFieldIsMasked" time="3.078"/>
</testsuite> <!-- tests.TC_002_LogInTest -->
