<?xml version="1.0" encoding="UTF-8"?>
<!-- Generated by org.testng.reporters.JUnitReportReporter -->
<testsuite hostname="LAPTOP-TOSPC5P3" failures="0" tests="3" name="tests.TC_001_SignUpTest" time="13.966" errors="0" timestamp="2025-08-25T00:46:52 IST" skipped="0">
  <testcase classname="tests.TC_001_SignUpTest" name="testSignUpWithNewUser" time="4.759"/>
  <testcase classname="tests.TC_001_SignUpTest" name="testSignUpWithExistingUser" time="4.370"/>
  <testcase classname="tests.TC_001_SignUpTest" name="testSignUpWithEmptyFields" time="4.837"/>
</testsuite> <!-- tests.TC_001_SignUpTest -->
